{
  message: 'Database is Connected Successfully',
  level: 'info',
  label: 'PH',
  timestamp: '2023-06-07T23:13:50.238Z'
}
{
  message: 'Application app listening on port 5000',
  level: 'info',
  label: 'PH',
  timestamp: '2023-06-07T23:13:50.264Z'
}
{
  message: 'Database is Connected Successfully',
  level: 'info',
  label: 'PH',
  timestamp: '2023-06-07T23:16:30.027Z'
}
{
  message: 'Application app listening on port 5000',
  level: 'info',
  label: 'PH',
  timestamp: '2023-06-07T23:16:30.055Z'
}
{
  message: 'Database is Connected Successfully',
  level: 'info',
  label: 'PH',
  timestamp: '2023-06-07T23:23:20.929Z'
}
{
  message: 'Application app listening on port 5000',
  level: 'info',
  label: 'PH',
  timestamp: '2023-06-07T23:23:20.951Z'
}
{
  message: 'Database is Connected Successfully',
  level: 'info',
  label: 'PH',
  timestamp: '2023-06-07T23:26:59.833Z'
}
{
  message: 'Application app listening on port 5000',
  level: 'info',
  label: 'PH',
  timestamp: '2023-06-07T23:26:59.852Z'
}
{
  message: 'Database is Connected Successfully',
  level: 'info',
  label: 'PH',
  timestamp: '2023-06-07T23:28:44.699Z'
}
{
  message: 'Application app listening on port 5000',
  level: 'info',
  label: 'PH',
  timestamp: '2023-06-07T23:28:44.733Z'
}
{
  message: 'Database is Connected Successfully',
  level: 'info',
  label: 'PH',
  timestamp: '2023-06-07T23:31:03.708Z'
}
{
  message: 'Application app listening on port 5000',
  level: 'info',
  label: 'PH',
  timestamp: '2023-06-07T23:31:03.731Z'
}
{
  message: 'Database is Connected Successfully',
  level: 'info',
  label: 'PH',
  timestamp: '2023-06-07T23:31:21.827Z'
}
{
  message: 'Application app listening on port 5000',
  level: 'info',
  label: 'PH',
  timestamp: '2023-06-07T23:31:21.848Z'
}
{
  message: 'Database is Connected Successfully',
  level: 'info',
  label: 'PH',
  timestamp: '2023-06-07T23:35:33.051Z'
}
{
  message: 'Application app listening on port 5000',
  level: 'info',
  label: 'PH',
  timestamp: '2023-06-07T23:35:33.062Z'
}
{
  message: 'Database is Connected Successfully',
  level: 'info',
  label: 'PH',
  timestamp: '2023-06-07T23:36:58.866Z'
}
{
  message: 'Application app listening on port 5000',
  level: 'info',
  label: 'PH',
  timestamp: '2023-06-07T23:36:58.880Z'
}
{
  message: 'Database is Connected Successfully',
  level: 'info',
  label: 'PH',
  timestamp: '2023-06-07T23:37:52.999Z'
}
{
  message: 'Application app listening on port 5000',
  level: 'info',
  label: 'PH',
  timestamp: '2023-06-07T23:37:53.013Z'
}
{
  message: 'Database is Connected Successfully',
  level: 'info',
  label: 'PH',
  timestamp: '2023-06-07T23:38:21.957Z'
}
{
  message: 'Application app listening on port 5000',
  level: 'info',
  label: 'PH',
  timestamp: '2023-06-07T23:38:21.966Z'
}
