{
  message: 'Database is Connected Successfully',
  level: 'info',
  label: 'PH',
  timestamp: '2023-06-14T22:33:09.201Z'
}
{
  message: 'Application app listening on port 5000',
  level: 'info',
  label: 'PH',
  timestamp: '2023-06-14T22:33:09.233Z'
}
{
  message: 'Database is Connected Successfully',
  level: 'info',
  label: 'PH',
  timestamp: '2023-06-14T22:34:44.425Z'
}
{
  message: 'Application app listening on port 5000',
  level: 'info',
  label: 'PH',
  timestamp: '2023-06-14T22:34:44.454Z'
}
{
  message: 'Database is Connected Successfully',
  level: 'info',
  label: 'PH',
  timestamp: '2023-06-14T22:35:22.460Z'
}
{
  message: 'Application app listening on port 5000',
  level: 'info',
  label: 'PH',
  timestamp: '2023-06-14T22:35:22.474Z'
}
{
  message: 'Database is Connected Successfully',
  level: 'info',
  label: 'PH',
  timestamp: '2023-06-14T22:36:27.200Z'
}
{
  message: 'Application app listening on port 5000',
  level: 'info',
  label: 'PH',
  timestamp: '2023-06-14T22:36:27.244Z'
}
