{
  message: 'Database is Connected Successfully',
  level: 'info',
  label: 'PH',
  timestamp: '2023-06-15T12:08:57.676Z'
}
{
  message: 'Application app listening on port 5000',
  level: 'info',
  label: 'PH',
  timestamp: '2023-06-15T12:08:57.706Z'
}
{
  message: 'Database is Connected Successfully',
  level: 'info',
  label: 'PH',
  timestamp: '2023-06-15T12:10:34.090Z'
}
{
  message: 'Application app listening on port 5000',
  level: 'info',
  label: 'PH',
  timestamp: '2023-06-15T12:10:34.105Z'
}
{
  message: 'Database is Connected Successfully',
  level: 'info',
  label: 'PH',
  timestamp: '2023-06-15T12:12:00.668Z'
}
{
  message: 'Application app listening on port 5000',
  level: 'info',
  label: 'PH',
  timestamp: '2023-06-15T12:12:00.683Z'
}
{
  message: 'Database is Connected Successfully',
  level: 'info',
  label: 'PH',
  timestamp: '2023-06-15T12:12:49.694Z'
}
{
  message: 'Application app listening on port 5000',
  level: 'info',
  label: 'PH',
  timestamp: '2023-06-15T12:12:49.717Z'
}
{
  message: 'Database is Connected Successfully',
  level: 'info',
  label: 'PH',
  timestamp: '2023-06-15T12:15:52.608Z'
}
{
  message: 'Application app listening on port 5000',
  level: 'info',
  label: 'PH',
  timestamp: '2023-06-15T12:15:52.635Z'
}
{
  message: 'Database is Connected Successfully',
  level: 'info',
  label: 'PH',
  timestamp: '2023-06-15T12:16:45.137Z'
}
{
  message: 'Application app listening on port 5000',
  level: 'info',
  label: 'PH',
  timestamp: '2023-06-15T12:16:45.164Z'
}
{
  message: 'Database is Connected Successfully',
  level: 'info',
  label: 'PH',
  timestamp: '2023-06-15T12:24:47.746Z'
}
{
  message: 'Application app listening on port 5000',
  level: 'info',
  label: 'PH',
  timestamp: '2023-06-15T12:24:47.781Z'
}
