{
  message: 'Database is Connected Successfully',
  level: 'info',
  label: 'PH',
  timestamp: '2023-06-14T21:07:55.361Z'
}
{
  message: 'Application app listening on port 5000',
  level: 'info',
  label: 'PH',
  timestamp: '2023-06-14T21:07:55.379Z'
}
{
  message: 'Database is Connected Successfully',
  level: 'info',
  label: 'PH',
  timestamp: '2023-06-14T21:12:38.339Z'
}
{
  message: 'Application app listening on port 5000',
  level: 'info',
  label: 'PH',
  timestamp: '2023-06-14T21:12:38.359Z'
}
{
  message: 'Database is Connected Successfully',
  level: 'info',
  label: 'PH',
  timestamp: '2023-06-14T21:13:40.831Z'
}
{
  message: 'Application app listening on port 5000',
  level: 'info',
  label: 'PH',
  timestamp: '2023-06-14T21:13:40.845Z'
}
{
  message: 'Database is Connected Successfully',
  level: 'info',
  label: 'PH',
  timestamp: '2023-06-14T21:18:35.507Z'
}
{
  message: 'Application app listening on port 5000',
  level: 'info',
  label: 'PH',
  timestamp: '2023-06-14T21:18:35.531Z'
}
{
  message: 'Database is Connected Successfully',
  level: 'info',
  label: 'PH',
  timestamp: '2023-06-14T21:19:00.458Z'
}
{
  message: 'Application app listening on port 5000',
  level: 'info',
  label: 'PH',
  timestamp: '2023-06-14T21:19:00.471Z'
}
{
  message: 'Database is Connected Successfully',
  level: 'info',
  label: 'PH',
  timestamp: '2023-06-14T21:20:49.541Z'
}
{
  message: 'Application app listening on port 5000',
  level: 'info',
  label: 'PH',
  timestamp: '2023-06-14T21:20:49.599Z'
}
{
  message: 'Database is Connected Successfully',
  level: 'info',
  label: 'PH',
  timestamp: '2023-06-14T21:23:30.324Z'
}
{
  message: 'Application app listening on port 5000',
  level: 'info',
  label: 'PH',
  timestamp: '2023-06-14T21:23:30.344Z'
}
{
  message: 'Database is Connected Successfully',
  level: 'info',
  label: 'PH',
  timestamp: '2023-06-14T21:23:48.617Z'
}
{
  message: 'Application app listening on port 5000',
  level: 'info',
  label: 'PH',
  timestamp: '2023-06-14T21:23:48.631Z'
}
{
  message: 'Database is Connected Successfully',
  level: 'info',
  label: 'PH',
  timestamp: '2023-06-14T21:24:59.666Z'
}
{
  message: 'Application app listening on port 5000',
  level: 'info',
  label: 'PH',
  timestamp: '2023-06-14T21:24:59.692Z'
}
{
  message: 'Database is Connected Successfully',
  level: 'info',
  label: 'PH',
  timestamp: '2023-06-14T21:25:44.606Z'
}
{
  message: 'Application app listening on port 5000',
  level: 'info',
  label: 'PH',
  timestamp: '2023-06-14T21:25:44.625Z'
}
{
  message: 'Database is Connected Successfully',
  level: 'info',
  label: 'PH',
  timestamp: '2023-06-14T21:48:50.583Z'
}
{
  message: 'Application app listening on port 5000',
  level: 'info',
  label: 'PH',
  timestamp: '2023-06-14T21:48:50.618Z'
}
