{
  stringValue: '"64838f02d1b471"',
  messageFormat: undefined,
  kind: 'ObjectId',
  value: '64838f02d1b471',
  path: '_id',
  reason: BSONError: Argument passed in must be a string of 12 bytes or a string of 24 hex characters or an integer
      at new ObjectId (E:\Level-2.0\Class\university-management-auth-service\node_modules\bson\src\objectid.ts:88:15)
      at castObjectId (E:\Level-2.0\Class\university-management-auth-service\node_modules\mongoose\lib\cast\objectid.js:25:12)
      at ObjectId.cast (E:\Level-2.0\Class\university-management-auth-service\node_modules\mongoose\lib\schema\objectid.js:246:12)
      at ObjectId.SchemaType.applySetters (E:\Level-2.0\Class\university-management-auth-service\node_modules\mongoose\lib\schematype.js:1204:12)
      at ObjectId.SchemaType.castForQuery (E:\Level-2.0\Class\university-management-auth-service\node_modules\mongoose\lib\schematype.js:1616:15)
      at cast (E:\Level-2.0\Class\university-management-auth-service\node_modules\mongoose\lib\cast.js:348:32)
      at model.Query.Query.cast (E:\Level-2.0\Class\university-management-auth-service\node_modules\mongoose\lib\query.js:4874:12)
      at model.Query.Query._castConditions (E:\Level-2.0\Class\university-management-auth-service\node_modules\mongoose\lib\query.js:2210:10)
      at model.Query._findOne (E:\Level-2.0\Class\university-management-auth-service\node_modules\mongoose\lib\query.js:2497:8)
      at model.Query.exec (E:\Level-2.0\Class\university-management-auth-service\node_modules\mongoose\lib\query.js:4404:28),
  valueType: 'string',
  model: Model { AcademicSemester },
  level: 'error',
  label: 'PH',
  timestamp: '2023-06-14T09:51:47.167Z'
}
