{
  cause: Error: connect ETIMEDOUT 34.233.241.95:27017
      at TCPConnectWrap.afterConnect [as oncomplete] (node:net:1494:16) {
    errno: -4039,
    code: 'ETIMEDOUT',
    syscall: 'connect',
    address: '34.233.241.95',
    port: 27017
  },
  connectionGeneration: 0,
  level: 'error',
  message: 'Failed to connected database connect ETIMEDOUT 34.233.241.95:27017',
  stack: 'MongoNetworkError: connect ETIMEDOUT 34.233.241.95:27017\n' +
    '    at connectionFailureError (E:\\Level-2.0\\Class\\university-management-auth-service\\node_modules\\mongodb\\src\\cmap\\connect.ts:491:14)\n' +
    '    at TLSSocket.<anonymous> (E:\\Level-2.0\\Class\\university-management-auth-service\\node_modules\\mongodb\\src\\cmap\\connect.ts:392:16)\n' +
    '    at Object.onceWrapper (node:events:628:26)\n' +
    '    at TLSSocket.emit (node:events:513:28)\n' +
    '    at emitErrorNT (node:internal/streams/destroy:151:8)\n' +
    '    at emitErrorCloseNT (node:internal/streams/destroy:116:3)\n' +
    '    at processTicksAndRejections (node:internal/process/task_queues:82:21)',
  label: 'PH',
  timestamp: '2023-06-05T19:02:14.628Z',
  [Symbol(errorLabels)]: Set(1) { 'ResetPool' }
}
{
  cause: Error: connect ETIMEDOUT 34.233.241.95:27017
      at TCPConnectWrap.afterConnect [as oncomplete] (node:net:1494:16) {
    errno: -4039,
    code: 'ETIMEDOUT',
    syscall: 'connect',
    address: '34.233.241.95',
    port: 27017
  },
  connectionGeneration: 0,
  level: 'error',
  message: 'Failed to connected database connect ETIMEDOUT 34.233.241.95:27017',
  stack: 'MongoNetworkError: connect ETIMEDOUT 34.233.241.95:27017\n' +
    '    at connectionFailureError (E:\\Level-2.0\\Class\\university-management-auth-service\\node_modules\\mongodb\\src\\cmap\\connect.ts:491:14)\n' +
    '    at TLSSocket.<anonymous> (E:\\Level-2.0\\Class\\university-management-auth-service\\node_modules\\mongodb\\src\\cmap\\connect.ts:392:16)\n' +
    '    at Object.onceWrapper (node:events:628:26)\n' +
    '    at TLSSocket.emit (node:events:513:28)\n' +
    '    at emitErrorNT (node:internal/streams/destroy:151:8)\n' +
    '    at emitErrorCloseNT (node:internal/streams/destroy:116:3)\n' +
    '    at processTicksAndRejections (node:internal/process/task_queues:82:21)',
  label: 'PH',
  timestamp: '2023-06-05T19:02:46.547Z',
  [Symbol(errorLabels)]: Set(1) { 'ResetPool' }
}
{
  message: 'Failed to connected database Server selection timed out after 30000 ms',
  reason: TopologyDescription {
    type: 'ReplicaSetNoPrimary',
    servers: Map(3) {
      'cluster0-shard-00-00.bmyfd.mongodb.net:27017' => ServerDescription {
        address: 'cluster0-shard-00-00.bmyfd.mongodb.net:27017',
        type: 'RSSecondary',
        hosts: [
          'cluster0-shard-00-00.bmyfd.mongodb.net:27017',
          'cluster0-shard-00-01.bmyfd.mongodb.net:27017',
          'cluster0-shard-00-02.bmyfd.mongodb.net:27017'
        ],
        passives: [],
        arbiters: [],
        tags: {
          region: 'US_EAST_1',
          nodeType: 'ELECTABLE',
          workloadType: 'OPERATIONAL',
          provider: 'AWS'
        },
        minWireVersion: 0,
        maxWireVersion: 17,
        roundTripTime: 26009,
        lastUpdateTime: 1101741974,
        lastWriteDate: 2023-06-05T19:09:16.000Z,
        error: null,
        topologyVersion: {
          processId: new ObjectId("647110e87b71294d0966f06a"),
          counter: 4
        },
        setName: 'atlas-1t7eab-shard-0',
        setVersion: 11,
        electionId: null,
        logicalSessionTimeoutMinutes: 30,
        primary: 'cluster0-shard-00-01.bmyfd.mongodb.net:27017',
        me: 'cluster0-shard-00-00.bmyfd.mongodb.net:27017',
        '$clusterTime': {
          clusterTime: new Timestamp({ t: 1685992156, i: 28 }),
          signature: {
            hash: <Buffer 19 a8 c4 da 7c 40 fb 68 56 2d 96 96 1b 68 7f c6 1e ff 3e aa>,
            keyId: new Long("7200493786772799500")
          }
        }
      },
      'cluster0-shard-00-01.bmyfd.mongodb.net:27017' => ServerDescription {
        address: 'cluster0-shard-00-01.bmyfd.mongodb.net:27017',
        type: 'Unknown',
        hosts: [],
        passives: [],
        arbiters: [],
        tags: {},
        minWireVersion: 0,
        maxWireVersion: 0,
        roundTripTime: -1,
        lastUpdateTime: 1101715962,
        lastWriteDate: 0,
        error: null,
        topologyVersion: null,
        setName: null,
        setVersion: null,
        electionId: null,
        logicalSessionTimeoutMinutes: null,
        primary: null,
        me: null,
        '$clusterTime': null
      },
      'cluster0-shard-00-02.bmyfd.mongodb.net:27017' => ServerDescription {
        address: 'cluster0-shard-00-02.bmyfd.mongodb.net:27017',
        type: 'Unknown',
        hosts: [],
        passives: [],
        arbiters: [],
        tags: {},
        minWireVersion: 0,
        maxWireVersion: 0,
        roundTripTime: -1,
        lastUpdateTime: 1101715962,
        lastWriteDate: 0,
        error: null,
        topologyVersion: null,
        setName: null,
        setVersion: null,
        electionId: null,
        logicalSessionTimeoutMinutes: null,
        primary: null,
        me: null,
        '$clusterTime': null
      }
    },
    stale: false,
    compatible: true,
    heartbeatFrequencyMS: 10000,
    localThresholdMS: 15,
    setName: 'atlas-1t7eab-shard-0',
    maxElectionId: null,
    maxSetVersion: null,
    commonWireVersion: 0,
    logicalSessionTimeoutMinutes: 30
  },
  code: undefined,
  level: 'error',
  stack: 'MongooseServerSelectionError: Server selection timed out after 30000 ms\n' +
    '    at _handleConnectionErrors (E:\\Level-2.0\\Class\\university-management-auth-service\\node_modules\\mongoose\\lib\\connection.js:792:11)\n' +
    '    at NativeConnection.openUri (E:\\Level-2.0\\Class\\university-management-auth-service\\node_modules\\mongoose\\lib\\connection.js:767:11)\n' +
    '    at processTicksAndRejections (node:internal/process/task_queues:95:5)',
  label: 'PH',
  timestamp: '2023-06-05T19:09:35.064Z'
}
{
  errno: undefined,
  code: 'ECONNREFUSED',
  syscall: 'querySrv',
  hostname: '_mongodb._tcp.cluster0.bmyfd.mongodb.net',
  level: 'error',
  message: 'Failed to connected database querySrv ECONNREFUSED _mongodb._tcp.cluster0.bmyfd.mongodb.net',
  stack: 'Error: querySrv ECONNREFUSED _mongodb._tcp.cluster0.bmyfd.mongodb.net\n' +
    '    at QueryReqWrap.onresolve [as oncomplete] (node:internal/dns/promises:251:17)',
  label: 'PH',
  timestamp: '2023-06-05T19:13:53.794Z'
}
{
  errno: undefined,
  code: 'ECONNREFUSED',
  syscall: 'querySrv',
  hostname: '_mongodb._tcp.cluster0.bmyfd.mongodb.net',
  level: 'error',
  message: 'Failed to connected database querySrv ECONNREFUSED _mongodb._tcp.cluster0.bmyfd.mongodb.net',
  stack: 'Error: querySrv ECONNREFUSED _mongodb._tcp.cluster0.bmyfd.mongodb.net\n' +
    '    at QueryReqWrap.onresolve [as oncomplete] (node:internal/dns/promises:251:17)',
  label: 'PH',
  timestamp: '2023-06-05T19:15:12.829Z'
}
